# JRE version: Java(TM) SE Runtime Environment (17.0.12+8) (build 17.0.12+8-LTS-286)
# Java VM: Java HotSpot(TM) 64-Bit Server VM (17.0.12+8-LTS-286, mixed mode, sharing, tiered, compressed oops, compressed class ptrs, g1 gc, windows-amd64)
GC Precious Log:
 CPUs: 8 total, 8 available
 Memory: 7865M
 Large Page Support: Disabled
 NUMA Support: Disabled
 Compressed Oops: Enabled (32-bit)
 Heap Region Size: 1M
 Heap Min Capacity: 8M
 Heap Initial Capacity: 124M
 Heap Max Capacity: 2G
 Pre-touch: Disabled
 Parallel Workers: 8
 Concurrent Workers: 2
 Concurrent Refinement Workers: 8
 Periodic GC: Disabled
Heap:
 garbage-first heap   total 92160K, used 56446K [0x0000000080000000, 0x0000000100000000)
  region size 1024K, 26 young (26624K), 6 survivors (6144K)
 Metaspace       used 35625K, committed 35968K, reserved 491520K
  class space    used 4953K, committed 5120K, reserved 425984K
GC Heap History (14 events):
Event: 1.259 GC heap before
{Heap before GC invocations=0 (full 0):
 garbage-first heap   total 126976K, used 22528K [0x0000000080000000, 0x0000000100000000)
  region size 1024K, 23 young (23552K), 0 survivors (0K)
 Metaspace       used 1123K, committed 1280K, reserved 491520K
  class space    used 77K, committed 128K, reserved 425984K
}
Event: 1.269 GC heap after
{Heap after GC invocations=1 (full 0):
 garbage-first heap   total 126976K, used 4240K [0x0000000080000000, 0x0000000100000000)
  region size 1024K, 3 young (3072K), 3 survivors (3072K)
 Metaspace       used 1123K, committed 1280K, reserved 491520K
  class space    used 77K, committed 128K, reserved 425984K
}
Event: 2.303 GC heap before
{Heap before GC invocations=1 (full 0):
 garbage-first heap   total 126976K, used 38032K [0x0000000080000000, 0x0000000100000000)
  region size 1024K, 33 young (33792K), 3 survivors (3072K)
 Metaspace       used 4387K, committed 4544K, reserved 491520K
  class space    used 545K, committed 640K, reserved 425984K
}
Event: 2.309 GC heap after
{Heap after GC invocations=2 (full 0):
 garbage-first heap   total 126976K, used 12438K [0x0000000080000000, 0x0000000100000000)
  region size 1024K, 4 young (4096K), 4 survivors (4096K)
 Metaspace       used 4387K, committed 4544K, reserved 491520K
  class space    used 545K, committed 640K, reserved 425984K
}
Event: 3.713 GC heap before
{Heap before GC invocations=2 (full 0):
 garbage-first heap   total 126976K, used 58518K [0x0000000080000000, 0x0000000100000000)
  region size 1024K, 47 young (48128K), 4 survivors (4096K)
 Metaspace       used 4694K, committed 4928K, reserved 491520K
  class space    used 587K, committed 704K, reserved 425984K
}
Event: 3.719 GC heap after
{Heap after GC invocations=3 (full 0):
 garbage-first heap   total 126976K, used 18121K [0x0000000080000000, 0x0000000100000000)
  region size 1024K, 5 young (5120K), 5 survivors (5120K)
 Metaspace       used 4694K, committed 4928K, reserved 491520K
  class space    used 587K, committed 704K, reserved 425984K
}
Event: 6.573 GC heap before
{Heap before GC invocations=3 (full 0):
 garbage-first heap   total 126976K, used 87753K [0x0000000080000000, 0x0000000100000000)
  region size 1024K, 73 young (74752K), 5 survivors (5120K)
 Metaspace       used 16828K, committed 17088K, reserved 491520K
  class space    used 2373K, committed 2496K, reserved 425984K
}
Event: 6.580 GC heap after
{Heap after GC invocations=4 (full 0):
 garbage-first heap   total 126976K, used 23826K [0x0000000080000000, 0x0000000100000000)
  region size 1024K, 10 young (10240K), 10 survivors (10240K)
 Metaspace       used 16828K, committed 17088K, reserved 491520K
  class space    used 2373K, committed 2496K, reserved 425984K
}
Event: 8.019 GC heap before
{Heap before GC invocations=4 (full 0):
 garbage-first heap   total 126976K, used 59666K [0x0000000080000000, 0x0000000100000000)
  region size 1024K, 46 young (47104K), 10 survivors (10240K)
 Metaspace       used 21166K, committed 21504K, reserved 491520K
  class space    used 3057K, committed 3264K, reserved 425984K
}
Event: 8.031 GC heap after
{Heap after GC invocations=5 (full 0):
 garbage-first heap   total 126976K, used 25396K [0x0000000080000000, 0x0000000100000000)
  region size 1024K, 3 young (3072K), 3 survivors (3072K)
 Metaspace       used 21166K, committed 21504K, reserved 491520K
  class space    used 3057K, committed 3264K, reserved 425984K
}
Event: 9.744 GC heap before
{Heap before GC invocations=6 (full 0):
 garbage-first heap   total 92160K, used 77620K [0x0000000080000000, 0x0000000100000000)
  region size 1024K, 54 young (55296K), 3 survivors (3072K)
 Metaspace       used 27458K, committed 27904K, reserved 491520K
  class space    used 4035K, committed 4224K, reserved 425984K
}
Event: 9.749 GC heap after
{Heap after GC invocations=7 (full 0):
 garbage-first heap   total 92160K, used 27753K [0x0000000080000000, 0x0000000100000000)
  region size 1024K, 5 young (5120K), 5 survivors (5120K)
 Metaspace       used 27458K, committed 27904K, reserved 491520K
  class space    used 4035K, committed 4224K, reserved 425984K
}
Event: 11.087 GC heap before
{Heap before GC invocations=7 (full 0):
 garbage-first heap   total 92160K, used 69737K [0x0000000080000000, 0x0000000100000000)
  region size 1024K, 47 young (48128K), 5 survivors (5120K)
 Metaspace       used 33115K, committed 33536K, reserved 491520K
  class space    used 4669K, committed 4864K, reserved 425984K
}
Event: 11.097 GC heap after
{Heap after GC invocations=8 (full 0):
 garbage-first heap   total 92160K, used 31870K [0x0000000080000000, 0x0000000100000000)
  region size 1024K, 6 young (6144K), 6 survivors (6144K)
 Metaspace       used 33115K, committed 33536K, reserved 491520K
  class space    used 4669K, committed 4864K, reserved 425984K
}

