# JRE version: Java(TM) SE Runtime Environment (17.0.12+8) (build 17.0.12+8-LTS-286)
# Java VM: Java HotSpot(TM) 64-Bit Server VM (17.0.12+8-LTS-286, mixed mode, sharing, tiered, compressed oops, compressed class ptrs, g1 gc, windows-amd64)
GC Precious Log:
 CPUs: 8 total, 8 available
 Memory: 7865M
 Large Page Support: Disabled
 NUMA Support: Disabled
 Compressed Oops: Enabled (32-bit)
 Heap Region Size: 1M
 Heap Min Capacity: 8M
 Heap Initial Capacity: 124M
 Heap Max Capacity: 2G
 Pre-touch: Disabled
 Parallel Workers: 8
 Concurrent Workers: 2
 Concurrent Refinement Workers: 8
 Periodic GC: Disabled
Heap:
 garbage-first heap   total 239616K, used 166451K [0x0000000080000000, 0x0000000100000000)
  region size 1024K, 14 young (14336K), 4 survivors (4096K)
 Metaspace       used 100725K, committed 101952K, reserved 557056K
  class space    used 14170K, committed 14720K, reserved 425984K
GC Heap History (20 events):
Event: 71.967 GC heap before
{Heap before GC invocations=33 (full 0):
 garbage-first heap   total 239616K, used 188687K [0x0000000080000000, 0x0000000100000000)
  region size 1024K, 119 young (121856K), 2 survivors (2048K)
 Metaspace       used 71841K, committed 72768K, reserved 491520K
  class space    used 10112K, committed 10560K, reserved 425984K
}
Event: 72.066 GC heap after
{Heap after GC invocations=34 (full 0):
 garbage-first heap   total 239616K, used 81263K [0x0000000080000000, 0x0000000100000000)
  region size 1024K, 14 young (14336K), 14 survivors (14336K)
 Metaspace       used 71841K, committed 72768K, reserved 491520K
  class space    used 10112K, committed 10560K, reserved 425984K
}
Event: 75.558 GC heap before
{Heap before GC invocations=34 (full 0):
 garbage-first heap   total 239616K, used 184687K [0x0000000080000000, 0x0000000100000000)
  region size 1024K, 116 young (118784K), 14 survivors (14336K)
 Metaspace       used 71933K, committed 72832K, reserved 491520K
  class space    used 10112K, committed 10560K, reserved 425984K
}
Event: 75.630 GC heap after
{Heap after GC invocations=35 (full 0):
 garbage-first heap   total 239616K, used 85247K [0x0000000080000000, 0x0000000100000000)
  region size 1024K, 7 young (7168K), 7 survivors (7168K)
 Metaspace       used 71933K, committed 72832K, reserved 491520K
  class space    used 10112K, committed 10560K, reserved 425984K
}
Event: 87.181 GC heap before
{Heap before GC invocations=35 (full 0):
 garbage-first heap   total 239616K, used 200959K [0x0000000080000000, 0x0000000100000000)
  region size 1024K, 109 young (111616K), 7 survivors (7168K)
 Metaspace       used 78160K, committed 79168K, reserved 557056K
  class space    used 10813K, committed 11264K, reserved 425984K
}
Event: 87.213 GC heap after
{Heap after GC invocations=36 (full 0):
 garbage-first heap   total 239616K, used 101562K [0x0000000080000000, 0x0000000100000000)
  region size 1024K, 14 young (14336K), 14 survivors (14336K)
 Metaspace       used 78160K, committed 79168K, reserved 557056K
  class space    used 10813K, committed 11264K, reserved 425984K
}
Event: 89.678 GC heap before
{Heap before GC invocations=36 (full 0):
 garbage-first heap   total 239616K, used 192698K [0x0000000080000000, 0x0000000100000000)
  region size 1024K, 101 young (103424K), 14 survivors (14336K)
 Metaspace       used 84109K, committed 85120K, reserved 557056K
  class space    used 11610K, committed 12096K, reserved 425984K
}
Event: 89.722 GC heap after
{Heap after GC invocations=37 (full 0):
 garbage-first heap   total 239616K, used 107597K [0x0000000080000000, 0x0000000100000000)
  region size 1024K, 5 young (5120K), 5 survivors (5120K)
 Metaspace       used 84109K, committed 85120K, reserved 557056K
  class space    used 11610K, committed 12096K, reserved 425984K
}
Event: 91.031 GC heap before
{Heap before GC invocations=37 (full 0):
 garbage-first heap   total 239616K, used 194637K [0x0000000080000000, 0x0000000100000000)
  region size 1024K, 90 young (92160K), 5 survivors (5120K)
 Metaspace       used 87147K, committed 88064K, reserved 557056K
  class space    used 12037K, committed 12480K, reserved 425984K
}
Event: 91.044 GC heap after
{Heap after GC invocations=38 (full 0):
 garbage-first heap   total 239616K, used 111701K [0x0000000080000000, 0x0000000100000000)
  region size 1024K, 9 young (9216K), 9 survivors (9216K)
 Metaspace       used 87147K, committed 88064K, reserved 557056K
  class space    used 12037K, committed 12480K, reserved 425984K
}
Event: 94.191 GC heap before
{Heap before GC invocations=38 (full 0):
 garbage-first heap   total 239616K, used 197717K [0x0000000080000000, 0x0000000100000000)
  region size 1024K, 92 young (94208K), 9 survivors (9216K)
 Metaspace       used 92396K, committed 93440K, reserved 557056K
  class space    used 12938K, committed 13440K, reserved 425984K
}
Event: 94.206 GC heap after
{Heap after GC invocations=39 (full 0):
 garbage-first heap   total 239616K, used 114555K [0x0000000080000000, 0x0000000100000000)
  region size 1024K, 8 young (8192K), 8 survivors (8192K)
 Metaspace       used 92396K, committed 93440K, reserved 557056K
  class space    used 12938K, committed 13440K, reserved 425984K
}
Event: 97.763 GC heap before
{Heap before GC invocations=39 (full 0):
 garbage-first heap   total 239616K, used 199547K [0x0000000080000000, 0x0000000100000000)
  region size 1024K, 91 young (93184K), 8 survivors (8192K)
 Metaspace       used 96383K, committed 97472K, reserved 557056K
  class space    used 13574K, committed 14080K, reserved 425984K
}
Event: 97.783 GC heap after
{Heap after GC invocations=40 (full 0):
 garbage-first heap   total 239616K, used 123796K [0x0000000080000000, 0x0000000100000000)
  region size 1024K, 12 young (12288K), 12 survivors (12288K)
 Metaspace       used 96383K, committed 97472K, reserved 557056K
  class space    used 13574K, committed 14080K, reserved 425984K
}
Event: 102.239 GC heap before
{Heap before GC invocations=40 (full 0):
 garbage-first heap   total 239616K, used 196500K [0x0000000080000000, 0x0000000100000000)
  region size 1024K, 84 young (86016K), 12 survivors (12288K)
 Metaspace       used 97234K, committed 98432K, reserved 557056K
  class space    used 13654K, committed 14208K, reserved 425984K
}
Event: 102.314 GC heap after
{Heap after GC invocations=41 (full 0):
 garbage-first heap   total 239616K, used 134249K [0x0000000080000000, 0x0000000100000000)
  region size 1024K, 11 young (11264K), 11 survivors (11264K)
 Metaspace       used 97234K, committed 98432K, reserved 557056K
  class space    used 13654K, committed 14208K, reserved 425984K
}
Event: 103.318 GC heap before
{Heap before GC invocations=41 (full 0):
 garbage-first heap   total 239616K, used 194665K [0x0000000080000000, 0x0000000100000000)
  region size 1024K, 71 young (72704K), 11 survivors (11264K)
 Metaspace       used 97235K, committed 98432K, reserved 557056K
  class space    used 13654K, committed 14208K, reserved 425984K
}
Event: 103.342 GC heap after
{Heap after GC invocations=42 (full 0):
 garbage-first heap   total 239616K, used 138205K [0x0000000080000000, 0x0000000100000000)
  region size 1024K, 5 young (5120K), 5 survivors (5120K)
 Metaspace       used 97235K, committed 98432K, reserved 557056K
  class space    used 13654K, committed 14208K, reserved 425984K
}
Event: 105.639 GC heap before
{Heap before GC invocations=42 (full 0):
 garbage-first heap   total 239616K, used 202717K [0x0000000080000000, 0x0000000100000000)
  region size 1024K, 63 young (64512K), 5 survivors (5120K)
 Metaspace       used 98007K, committed 99200K, reserved 557056K
  class space    used 13796K, committed 14336K, reserved 425984K
}
Event: 105.650 GC heap after
{Heap after GC invocations=43 (full 0):
 garbage-first heap   total 239616K, used 153839K [0x0000000080000000, 0x0000000100000000)
  region size 1024K, 8 young (8192K), 8 survivors (8192K)
 Metaspace       used 98007K, committed 99200K, reserved 557056K
  class space    used 13796K, committed 14336K, reserved 425984K
}

